<?xml version="1.0" encoding="UTF-8"?>
<testsuites name="TS_ApiDemoProject" time="12" tests="3" failures="1" errors="0">
   <testsuite name="TS_ApiDemoProject" tests="3" failures="1" errors="0" time="12" timestamp="2019-02-05 12:39:44" hostname="Piotr.Kochanek.2 - aps00062848-mb.poland.asseco.corp" id="Test Suites/TS_ApiDemoProject">
      <properties>
         <property name="deviceName" value=""/>
         <property name="devicePlatform" value=""/>
         <property name="logFolder" value="C:\\PRACA\\Testy automatyczne\\Nauka\\Udemy\\API Demo Project 1\\Reports\\TS_ApiDemoProject\\20190205_123939"/>
         <property name="logFiles" value="C:\\PRACA\\Testy automatyczne\\Nauka\\Udemy\\API Demo Project 1\\Reports\\TS_ApiDemoProject\\20190205_123939\\execution0.log"/>
         <property name="attachments" value=""/>
         <property name="hostName" value="Piotr.Kochanek.2 - aps00062848-mb.poland.asseco.corp"/>
         <property name="hostAddress" value="192.168.56.1"/>
         <property name="os" value="Windows 10 64bit"/>
         <property name="katalonVersion" value="5.10.1.1"/>
      </properties>
      <testcase name="Test Cases/CalculatorTests/Addition" classname="Test Cases/CalculatorTests/Addition" status="PASSED">
         <system-out><![CDATA[2019-02-05 12:39:44 - [TEST_CASE][PASSED] - Test Cases/CalculatorTests/Addition: Test Cases/CalculatorTests/Addition

2019-02-05 12:39:45 - [TEST_STEP][PASSED] - sendRequest(findTestObject("CalculatorSoapService/Addition")): Send request successfully

2019-02-05 12:39:48 - [MESSAGE][INFO] - HAR: C:\PRACA\Testy automatyczne\Nauka\Udemy\API Demo Project 1\Reports\TS_ApiDemoProject\20190205_123939\requests\main\0.har

2019-02-05 12:39:49 - [MESSAGE][PASSED] - Send request successfully

2019-02-05 12:39:49 - [TEST_STEP][PASSED] - response = sendRequestAndVerify(findTestObject("CalculatorSoapService/Addition")): Send request and verify the response successfully

2019-02-05 12:39:50 - [TEST_CASE][PASSED] - Start Test Case : Verification: Verification accomplished successfully

2019-02-05 12:39:50 - [TEST_STEP][PASSED] - request = getInstance().getCurrentRequest(): null

2019-02-05 12:39:50 - [TEST_STEP][PASSED] - response = getInstance().getCurrentResponse(): null

2019-02-05 12:39:50 - [TEST_STEP][PASSED] - verifyResponseStatusCode(response, 200): Verify response status code successfully

2019-02-05 12:39:50 - [MESSAGE][PASSED] - Verify response status code successfully

2019-02-05 12:39:50 - [TEST_STEP][PASSED] - getStatusCode()).isEqualTo(200): null

2019-02-05 12:39:50 - [TEST_STEP][PASSED] - getResponseText()).contains("AddResult"): null

2019-02-05 12:39:50 - [TEST_STEP][PASSED] - verifyElementPropertyValue(response, "AddResponse.AddResult", "6"): Verify element property value successfully

2019-02-05 12:39:50 - [MESSAGE][PASSED] - Verify element property value successfully

2019-02-05 12:39:51 - [MESSAGE][PASSED] - Verify response successfully

2019-02-05 12:39:51 - [MESSAGE][PASSED] - Send request and verify the response successfully

2019-02-05 12:39:51 - [TEST_STEP][PASSED] - verifyElementPropertyValue(response, "AddResponse.AddResult", "6"): Verify element property value successfully

2019-02-05 12:39:51 - [MESSAGE][PASSED] - Verify element property value successfully]]></system-out>
         <system-err><![CDATA[]]></system-err>
      </testcase>
      <testcase name="Test Cases/TestHTTPMethods" classname="Test Cases/TestHTTPMethods" status="PASSED">
         <system-out><![CDATA[2019-02-05 12:39:51 - [TEST_CASE][PASSED] - Test Cases/TestHTTPMethods: Test Cases/TestHTTPMethods

2019-02-05 12:39:51 - [TEST_STEP][PASSED] - sendRequestAndVerify(findTestObject("UserWebService/ListUsers")): Send request and verify the response successfully

2019-02-05 12:39:52 - [TEST_CASE][PASSED] - Start Test Case : Verification: Verification accomplished successfully

2019-02-05 12:39:52 - [TEST_STEP][PASSED] - request = getInstance().getCurrentRequest(): null

2019-02-05 12:39:52 - [TEST_STEP][PASSED] - response = getInstance().getCurrentResponse(): null

2019-02-05 12:39:52 - [TEST_STEP][PASSED] - verifyResponseStatusCode(response, 200): Verify response status code successfully

2019-02-05 12:39:52 - [MESSAGE][PASSED] - Verify response status code successfully

2019-02-05 12:39:52 - [TEST_STEP][PASSED] - getStatusCode()).isEqualTo(200): null

2019-02-05 12:39:52 - [TEST_STEP][PASSED] - verifyElementPropertyValue(response, "data[1].first_name", "Charles"): Verify element property value successfully

2019-02-05 12:39:52 - [MESSAGE][PASSED] - Verify element property value successfully

2019-02-05 12:39:52 - [MESSAGE][PASSED] - Verify response successfully

2019-02-05 12:39:52 - [MESSAGE][PASSED] - Send request and verify the response successfully

2019-02-05 12:39:52 - [TEST_STEP][PASSED] - sendRequestAndVerify(findTestObject("UserWebService/DeleteUser")): Send request and verify the response successfully

2019-02-05 12:39:53 - [TEST_CASE][PASSED] - Start Test Case : Verification: Verification accomplished successfully

2019-02-05 12:39:53 - [TEST_STEP][PASSED] - request = getInstance().getCurrentRequest(): null

2019-02-05 12:39:53 - [TEST_STEP][PASSED] - response = getInstance().getCurrentResponse(): null

2019-02-05 12:39:53 - [TEST_STEP][PASSED] - verifyResponseStatusCode(response, 204): Verify response status code successfully

2019-02-05 12:39:53 - [MESSAGE][PASSED] - Verify response status code successfully

2019-02-05 12:39:53 - [TEST_STEP][PASSED] - getStatusCode()).isEqualTo(204): null

2019-02-05 12:39:53 - [MESSAGE][PASSED] - Verify response successfully

2019-02-05 12:39:53 - [MESSAGE][PASSED] - Send request and verify the response successfully

2019-02-05 12:39:53 - [TEST_STEP][PASSED] - sendRequestAndVerify(findTestObject("UserWebService/UpdateUser")): Send request and verify the response successfully

2019-02-05 12:39:53 - [TEST_CASE][PASSED] - Start Test Case : Verification: Verification accomplished successfully

2019-02-05 12:39:54 - [TEST_STEP][PASSED] - request = getInstance().getCurrentRequest(): null

2019-02-05 12:39:54 - [TEST_STEP][PASSED] - response = getInstance().getCurrentResponse(): null

2019-02-05 12:39:54 - [TEST_STEP][PASSED] - verifyResponseStatusCode(response, 200): Verify response status code successfully

2019-02-05 12:39:54 - [MESSAGE][PASSED] - Verify response status code successfully

2019-02-05 12:39:54 - [TEST_STEP][PASSED] - getStatusCode()).isEqualTo(200): null

2019-02-05 12:39:54 - [TEST_STEP][PASSED] - verifyResponseStatusCode(response, 200): Verify response status code successfully

2019-02-05 12:39:54 - [MESSAGE][PASSED] - Verify response status code successfully

2019-02-05 12:39:54 - [TEST_STEP][PASSED] - getStatusCode()).isEqualTo(200): null

2019-02-05 12:39:54 - [MESSAGE][PASSED] - Verify response successfully

2019-02-05 12:39:54 - [MESSAGE][PASSED] - Send request and verify the response successfully

2019-02-05 12:39:54 - [TEST_STEP][PASSED] - sendRequestAndVerify(findTestObject("UserWebService/CreateUser")): Send request and verify the response successfully

2019-02-05 12:39:54 - [TEST_CASE][PASSED] - Start Test Case : Verification: Verification accomplished successfully

2019-02-05 12:39:54 - [TEST_STEP][PASSED] - request = getInstance().getCurrentRequest(): null

2019-02-05 12:39:54 - [TEST_STEP][PASSED] - response = getInstance().getCurrentResponse(): null

2019-02-05 12:39:54 - [TEST_STEP][PASSED] - verifyResponseStatusCode(response, 201): Verify response status code successfully

2019-02-05 12:39:54 - [MESSAGE][PASSED] - Verify response status code successfully

2019-02-05 12:39:54 - [TEST_STEP][PASSED] - getStatusCode()).isEqualTo(201): null

2019-02-05 12:39:54 - [MESSAGE][PASSED] - Verify response successfully

2019-02-05 12:39:54 - [MESSAGE][PASSED] - Send request and verify the response successfully]]></system-out>
         <system-err><![CDATA[]]></system-err>
      </testcase>
      <testcase name="Test Cases/ListUsersTest" classname="Test Cases/ListUsersTest" status="FAILED">
         <failure type="FAILED" message="Test Cases/ListUsersTest FAILED.
Reason:
com.kms.katalon.core.exception.StepFailedException: Unable to verify element count (Root cause: com.kms.katalon.core.exception.StepFailedException: Expected elements count 4 is not equal with actual count 3)
	at com.kms.katalon.core.keyword.internal.KeywordMain.stepFailed(KeywordMain.groovy:36)
	at com.kms.katalon.core.keyword.internal.KeywordMain.stepFailed(KeywordMain.groovy)
	at com.kms.katalon.core.keyword.internal.KeywordMain.runKeyword(KeywordMain.groovy:56)
	at com.kms.katalon.core.webservice.keyword.builtin.VerifyElementsCountKeyword.verifyElementsCount(VerifyElementsCountKeyword.groovy:45)
	at com.kms.katalon.core.webservice.keyword.builtin.VerifyElementsCountKeyword.execute(VerifyElementsCountKeyword.groovy:40)
	at com.kms.katalon.core.keyword.internal.KeywordExecutor.executeKeywordForPlatform(KeywordExecutor.groovy:53)
	at com.kms.katalon.core.webservice.keyword.WSBuiltInKeywords.verifyElementsCount(WSBuiltInKeywords.groovy:94)
	at com.kms.katalon.core.webservice.keyword.WSBuiltInKeywords$verifyElementsCount$3.call(Unknown Source)
	at ListUsersTest.run(ListUsersTest:24)
	at com.kms.katalon.core.main.ScriptEngine.run(ScriptEngine.java:194)
	at com.kms.katalon.core.main.ScriptEngine.runScriptAsRawText(ScriptEngine.java:119)
	at com.kms.katalon.core.main.TestCaseExecutor.runScript(TestCaseExecutor.java:328)
	at com.kms.katalon.core.main.TestCaseExecutor.doExecute(TestCaseExecutor.java:319)
	at com.kms.katalon.core.main.TestCaseExecutor.processExecutionPhase(TestCaseExecutor.java:298)
	at com.kms.katalon.core.main.TestCaseExecutor.accessMainPhase(TestCaseExecutor.java:290)
	at com.kms.katalon.core.main.TestCaseExecutor.execute(TestCaseExecutor.java:224)
	at com.kms.katalon.core.main.TestSuiteExecutor.accessTestCaseMainPhase(TestSuiteExecutor.java:129)
	at com.kms.katalon.core.main.TestSuiteExecutor.accessTestSuiteMainPhase(TestSuiteExecutor.java:112)
	at com.kms.katalon.core.main.TestSuiteExecutor.execute(TestSuiteExecutor.java:81)
	at com.kms.katalon.core.main.TestCaseMain.startTestSuite(TestCaseMain.java:149)
	at com.kms.katalon.core.main.TestCaseMain$startTestSuite$0.call(Unknown Source)
	at TempTestSuite1549366779763.run(TempTestSuite1549366779763.groovy:36)
"/>
         <system-out><![CDATA[2019-02-05 12:39:54 - [TEST_CASE][FAILED] - Test Cases/ListUsersTest: Test Cases/ListUsersTest FAILED.
Reason:
com.kms.katalon.core.exception.StepFailedException: Unable to verify element count (Root cause: com.kms.katalon.core.exception.StepFailedException: Expected elements count 4 is not equal with actual count 3)
	at com.kms.katalon.core.keyword.internal.KeywordMain.stepFailed(KeywordMain.groovy:36)
	at com.kms.katalon.core.keyword.internal.KeywordMain.stepFailed(KeywordMain.groovy)
	at com.kms.katalon.core.keyword.internal.KeywordMain.runKeyword(KeywordMain.groovy:56)
	at com.kms.katalon.core.webservice.keyword.builtin.VerifyElementsCountKeyword.verifyElementsCount(VerifyElementsCountKeyword.groovy:45)
	at com.kms.katalon.core.webservice.keyword.builtin.VerifyElementsCountKeyword.execute(VerifyElementsCountKeyword.groovy:40)
	at com.kms.katalon.core.keyword.internal.KeywordExecutor.executeKeywordForPlatform(KeywordExecutor.groovy:53)
	at com.kms.katalon.core.webservice.keyword.WSBuiltInKeywords.verifyElementsCount(WSBuiltInKeywords.groovy:94)
	at com.kms.katalon.core.webservice.keyword.WSBuiltInKeywords$verifyElementsCount$3.call(Unknown Source)
	at ListUsersTest.run(ListUsersTest:24)
	at com.kms.katalon.core.main.ScriptEngine.run(ScriptEngine.java:194)
	at com.kms.katalon.core.main.ScriptEngine.runScriptAsRawText(ScriptEngine.java:119)
	at com.kms.katalon.core.main.TestCaseExecutor.runScript(TestCaseExecutor.java:328)
	at com.kms.katalon.core.main.TestCaseExecutor.doExecute(TestCaseExecutor.java:319)
	at com.kms.katalon.core.main.TestCaseExecutor.processExecutionPhase(TestCaseExecutor.java:298)
	at com.kms.katalon.core.main.TestCaseExecutor.accessMainPhase(TestCaseExecutor.java:290)
	at com.kms.katalon.core.main.TestCaseExecutor.execute(TestCaseExecutor.java:224)
	at com.kms.katalon.core.main.TestSuiteExecutor.accessTestCaseMainPhase(TestSuiteExecutor.java:129)
	at com.kms.katalon.core.main.TestSuiteExecutor.accessTestSuiteMainPhase(TestSuiteExecutor.java:112)
	at com.kms.katalon.core.main.TestSuiteExecutor.execute(TestSuiteExecutor.java:81)
	at com.kms.katalon.core.main.TestCaseMain.startTestSuite(TestCaseMain.java:149)
	at com.kms.katalon.core.main.TestCaseMain$startTestSuite$0.call(Unknown Source)
	at TempTestSuite1549366779763.run(TempTestSuite1549366779763.groovy:36)


2019-02-05 12:39:54 - [TEST_STEP][PASSED] - sendRequest(findTestObject("UserWebService/ListUsers")): Send request successfully

2019-02-05 12:39:55 - [MESSAGE][INFO] - HAR: C:\PRACA\Testy automatyczne\Nauka\Udemy\API Demo Project 1\Reports\TS_ApiDemoProject\20190205_123939\requests\main\1.har

2019-02-05 12:39:55 - [MESSAGE][PASSED] - Send request successfully

2019-02-05 12:39:55 - [TEST_STEP][PASSED] - response = sendRequestAndVerify(findTestObject("UserWebService/ListUsers")): Send request and verify the response successfully

2019-02-05 12:39:56 - [TEST_CASE][PASSED] - Start Test Case : Verification: Verification accomplished successfully

2019-02-05 12:39:56 - [TEST_STEP][PASSED] - request = getInstance().getCurrentRequest(): null

2019-02-05 12:39:56 - [TEST_STEP][PASSED] - response = getInstance().getCurrentResponse(): null

2019-02-05 12:39:56 - [TEST_STEP][PASSED] - verifyResponseStatusCode(response, 200): Verify response status code successfully

2019-02-05 12:39:56 - [MESSAGE][PASSED] - Verify response status code successfully

2019-02-05 12:39:56 - [TEST_STEP][PASSED] - getStatusCode()).isEqualTo(200): null

2019-02-05 12:39:56 - [TEST_STEP][PASSED] - verifyElementPropertyValue(response, "data[1].first_name", "Charles"): Verify element property value successfully

2019-02-05 12:39:56 - [MESSAGE][PASSED] - Verify element property value successfully

2019-02-05 12:39:56 - [MESSAGE][PASSED] - Verify response successfully

2019-02-05 12:39:56 - [MESSAGE][PASSED] - Send request and verify the response successfully

2019-02-05 12:39:56 - [TEST_STEP][PASSED] - verifyElementPropertyValue(response, "data[1].first_name", "Charles"): Verify element property value successfully

2019-02-05 12:39:56 - [MESSAGE][PASSED] - Verify element property value successfully

2019-02-05 12:39:56 - [TEST_STEP][PASSED] - verifyElementPropertyValue(response, "data[2].id", "6"): Verify element property value successfully

2019-02-05 12:39:56 - [MESSAGE][PASSED] - Verify element property value successfully

2019-02-05 12:39:56 - [TEST_STEP][FAILED] - verifyElementsCount(response, "data", 4): verifyElementsCount(response, "data", 4) FAILED.
Reason:
com.kms.katalon.core.exception.StepFailedException: Unable to verify element count (Root cause: com.kms.katalon.core.exception.StepFailedException: Expected elements count 4 is not equal with actual count 3)
	at com.kms.katalon.core.keyword.internal.KeywordMain.stepFailed(KeywordMain.groovy:36)
	at com.kms.katalon.core.keyword.internal.KeywordMain.stepFailed(KeywordMain.groovy)
	at com.kms.katalon.core.keyword.internal.KeywordMain.runKeyword(KeywordMain.groovy:56)
	at com.kms.katalon.core.webservice.keyword.builtin.VerifyElementsCountKeyword.verifyElementsCount(VerifyElementsCountKeyword.groovy:45)
	at com.kms.katalon.core.webservice.keyword.builtin.VerifyElementsCountKeyword.execute(VerifyElementsCountKeyword.groovy:40)
	at com.kms.katalon.core.keyword.internal.KeywordExecutor.executeKeywordForPlatform(KeywordExecutor.groovy:53)
	at com.kms.katalon.core.webservice.keyword.WSBuiltInKeywords.verifyElementsCount(WSBuiltInKeywords.groovy:94)
	at com.kms.katalon.core.webservice.keyword.WSBuiltInKeywords$verifyElementsCount$3.call(Unknown Source)
	at ListUsersTest.run(ListUsersTest:24)
	at com.kms.katalon.core.main.ScriptEngine.run(ScriptEngine.java:194)
	at com.kms.katalon.core.main.ScriptEngine.runScriptAsRawText(ScriptEngine.java:119)
	at com.kms.katalon.core.main.TestCaseExecutor.runScript(TestCaseExecutor.java:328)
	at com.kms.katalon.core.main.TestCaseExecutor.doExecute(TestCaseExecutor.java:319)
	at com.kms.katalon.core.main.TestCaseExecutor.processExecutionPhase(TestCaseExecutor.java:298)
	at com.kms.katalon.core.main.TestCaseExecutor.accessMainPhase(TestCaseExecutor.java:290)
	at com.kms.katalon.core.main.TestCaseExecutor.execute(TestCaseExecutor.java:224)
	at com.kms.katalon.core.main.TestSuiteExecutor.accessTestCaseMainPhase(TestSuiteExecutor.java:129)
	at com.kms.katalon.core.main.TestSuiteExecutor.accessTestSuiteMainPhase(TestSuiteExecutor.java:112)
	at com.kms.katalon.core.main.TestSuiteExecutor.execute(TestSuiteExecutor.java:81)
	at com.kms.katalon.core.main.TestCaseMain.startTestSuite(TestCaseMain.java:149)
	at com.kms.katalon.core.main.TestCaseMain$startTestSuite$0.call(Unknown Source)
	at TempTestSuite1549366779763.run(TempTestSuite1549366779763.groovy:36)


2019-02-05 12:39:56 - [MESSAGE][FAILED] - Expected elements count 4 is not equal with actual count 3

2019-02-05 12:39:56 - [MESSAGE][FAILED] - Unable to verify element count (Root cause: com.kms.katalon.core.exception.StepFailedException: Expected elements count 4 is not equal with actual count 3)

2019-02-05 12:39:56 - [MESSAGE][FAILED] - verifyElementsCount(response, "data", 4) FAILED.
Reason:
com.kms.katalon.core.exception.StepFailedException: Unable to verify element count (Root cause: com.kms.katalon.core.exception.StepFailedException: Expected elements count 4 is not equal with actual count 3)
	at com.kms.katalon.core.keyword.internal.KeywordMain.stepFailed(KeywordMain.groovy:36)
	at com.kms.katalon.core.keyword.internal.KeywordMain.stepFailed(KeywordMain.groovy)
	at com.kms.katalon.core.keyword.internal.KeywordMain.runKeyword(KeywordMain.groovy:56)
	at com.kms.katalon.core.webservice.keyword.builtin.VerifyElementsCountKeyword.verifyElementsCount(VerifyElementsCountKeyword.groovy:45)
	at com.kms.katalon.core.webservice.keyword.builtin.VerifyElementsCountKeyword.execute(VerifyElementsCountKeyword.groovy:40)
	at com.kms.katalon.core.keyword.internal.KeywordExecutor.executeKeywordForPlatform(KeywordExecutor.groovy:53)
	at com.kms.katalon.core.webservice.keyword.WSBuiltInKeywords.verifyElementsCount(WSBuiltInKeywords.groovy:94)
	at com.kms.katalon.core.webservice.keyword.WSBuiltInKeywords$verifyElementsCount$3.call(Unknown Source)
	at ListUsersTest.run(ListUsersTest:24)
	at com.kms.katalon.core.main.ScriptEngine.run(ScriptEngine.java:194)
	at com.kms.katalon.core.main.ScriptEngine.runScriptAsRawText(ScriptEngine.java:119)
	at com.kms.katalon.core.main.TestCaseExecutor.runScript(TestCaseExecutor.java:328)
	at com.kms.katalon.core.main.TestCaseExecutor.doExecute(TestCaseExecutor.java:319)
	at com.kms.katalon.core.main.TestCaseExecutor.processExecutionPhase(TestCaseExecutor.java:298)
	at com.kms.katalon.core.main.TestCaseExecutor.accessMainPhase(TestCaseExecutor.java:290)
	at com.kms.katalon.core.main.TestCaseExecutor.execute(TestCaseExecutor.java:224)
	at com.kms.katalon.core.main.TestSuiteExecutor.accessTestCaseMainPhase(TestSuiteExecutor.java:129)
	at com.kms.katalon.core.main.TestSuiteExecutor.accessTestSuiteMainPhase(TestSuiteExecutor.java:112)
	at com.kms.katalon.core.main.TestSuiteExecutor.execute(TestSuiteExecutor.java:81)
	at com.kms.katalon.core.main.TestCaseMain.startTestSuite(TestCaseMain.java:149)
	at com.kms.katalon.core.main.TestCaseMain$startTestSuite$0.call(Unknown Source)
	at TempTestSuite1549366779763.run(TempTestSuite1549366779763.groovy:36)]]></system-out>
         <system-err><![CDATA[2019-02-05 12:39:54 - [TEST_CASE][FAILED] - Test Cases/ListUsersTest: Test Cases/ListUsersTest FAILED.
Reason:
com.kms.katalon.core.exception.StepFailedException: Unable to verify element count (Root cause: com.kms.katalon.core.exception.StepFailedException: Expected elements count 4 is not equal with actual count 3)
	at com.kms.katalon.core.keyword.internal.KeywordMain.stepFailed(KeywordMain.groovy:36)
	at com.kms.katalon.core.keyword.internal.KeywordMain.stepFailed(KeywordMain.groovy)
	at com.kms.katalon.core.keyword.internal.KeywordMain.runKeyword(KeywordMain.groovy:56)
	at com.kms.katalon.core.webservice.keyword.builtin.VerifyElementsCountKeyword.verifyElementsCount(VerifyElementsCountKeyword.groovy:45)
	at com.kms.katalon.core.webservice.keyword.builtin.VerifyElementsCountKeyword.execute(VerifyElementsCountKeyword.groovy:40)
	at com.kms.katalon.core.keyword.internal.KeywordExecutor.executeKeywordForPlatform(KeywordExecutor.groovy:53)
	at com.kms.katalon.core.webservice.keyword.WSBuiltInKeywords.verifyElementsCount(WSBuiltInKeywords.groovy:94)
	at com.kms.katalon.core.webservice.keyword.WSBuiltInKeywords$verifyElementsCount$3.call(Unknown Source)
	at ListUsersTest.run(ListUsersTest:24)
	at com.kms.katalon.core.main.ScriptEngine.run(ScriptEngine.java:194)
	at com.kms.katalon.core.main.ScriptEngine.runScriptAsRawText(ScriptEngine.java:119)
	at com.kms.katalon.core.main.TestCaseExecutor.runScript(TestCaseExecutor.java:328)
	at com.kms.katalon.core.main.TestCaseExecutor.doExecute(TestCaseExecutor.java:319)
	at com.kms.katalon.core.main.TestCaseExecutor.processExecutionPhase(TestCaseExecutor.java:298)
	at com.kms.katalon.core.main.TestCaseExecutor.accessMainPhase(TestCaseExecutor.java:290)
	at com.kms.katalon.core.main.TestCaseExecutor.execute(TestCaseExecutor.java:224)
	at com.kms.katalon.core.main.TestSuiteExecutor.accessTestCaseMainPhase(TestSuiteExecutor.java:129)
	at com.kms.katalon.core.main.TestSuiteExecutor.accessTestSuiteMainPhase(TestSuiteExecutor.java:112)
	at com.kms.katalon.core.main.TestSuiteExecutor.execute(TestSuiteExecutor.java:81)
	at com.kms.katalon.core.main.TestCaseMain.startTestSuite(TestCaseMain.java:149)
	at com.kms.katalon.core.main.TestCaseMain$startTestSuite$0.call(Unknown Source)
	at TempTestSuite1549366779763.run(TempTestSuite1549366779763.groovy:36)]]></system-err>
      </testcase>
      <testcase name="Test Cases/GetBankDetails" classname="Test Cases/GetBankDetails" status="PASSED">
         <system-out><![CDATA[2019-02-05 12:39:56 - [TEST_CASE][PASSED] - Test Cases/GetBankDetails: Test Cases/GetBankDetails

2019-02-05 12:39:56 - [TEST_STEP][PASSED] - return null: null]]></system-out>
         <system-err><![CDATA[]]></system-err>
      </testcase>
      <system-out><![CDATA[2019-02-05 12:39:44 - [TEST_SUITE][FAILED] - TS_ApiDemoProject: Test Cases/ListUsersTest FAILED.
Reason:
com.kms.katalon.core.exception.StepFailedException: Unable to verify element count (Root cause: com.kms.katalon.core.exception.StepFailedException: Expected elements count 4 is not equal with actual count 3)
	at com.kms.katalon.core.keyword.internal.KeywordMain.stepFailed(KeywordMain.groovy:36)
	at com.kms.katalon.core.keyword.internal.KeywordMain.stepFailed(KeywordMain.groovy)
	at com.kms.katalon.core.keyword.internal.KeywordMain.runKeyword(KeywordMain.groovy:56)
	at com.kms.katalon.core.webservice.keyword.builtin.VerifyElementsCountKeyword.verifyElementsCount(VerifyElementsCountKeyword.groovy:45)
	at com.kms.katalon.core.webservice.keyword.builtin.VerifyElementsCountKeyword.execute(VerifyElementsCountKeyword.groovy:40)
	at com.kms.katalon.core.keyword.internal.KeywordExecutor.executeKeywordForPlatform(KeywordExecutor.groovy:53)
	at com.kms.katalon.core.webservice.keyword.WSBuiltInKeywords.verifyElementsCount(WSBuiltInKeywords.groovy:94)
	at com.kms.katalon.core.webservice.keyword.WSBuiltInKeywords$verifyElementsCount$3.call(Unknown Source)
	at ListUsersTest.run(ListUsersTest:24)
	at com.kms.katalon.core.main.ScriptEngine.run(ScriptEngine.java:194)
	at com.kms.katalon.core.main.ScriptEngine.runScriptAsRawText(ScriptEngine.java:119)
	at com.kms.katalon.core.main.TestCaseExecutor.runScript(TestCaseExecutor.java:328)
	at com.kms.katalon.core.main.TestCaseExecutor.doExecute(TestCaseExecutor.java:319)
	at com.kms.katalon.core.main.TestCaseExecutor.processExecutionPhase(TestCaseExecutor.java:298)
	at com.kms.katalon.core.main.TestCaseExecutor.accessMainPhase(TestCaseExecutor.java:290)
	at com.kms.katalon.core.main.TestCaseExecutor.execute(TestCaseExecutor.java:224)
	at com.kms.katalon.core.main.TestSuiteExecutor.accessTestCaseMainPhase(TestSuiteExecutor.java:129)
	at com.kms.katalon.core.main.TestSuiteExecutor.accessTestSuiteMainPhase(TestSuiteExecutor.java:112)
	at com.kms.katalon.core.main.TestSuiteExecutor.execute(TestSuiteExecutor.java:81)
	at com.kms.katalon.core.main.TestCaseMain.startTestSuite(TestCaseMain.java:149)
	at com.kms.katalon.core.main.TestCaseMain$startTestSuite$0.call(Unknown Source)
	at TempTestSuite1549366779763.run(TempTestSuite1549366779763.groovy:36)]]></system-out>
      <system-err><![CDATA[2019-02-05 12:39:44 - [TEST_SUITE][FAILED] - TS_ApiDemoProject: Test Cases/ListUsersTest FAILED.
Reason:
com.kms.katalon.core.exception.StepFailedException: Unable to verify element count (Root cause: com.kms.katalon.core.exception.StepFailedException: Expected elements count 4 is not equal with actual count 3)
	at com.kms.katalon.core.keyword.internal.KeywordMain.stepFailed(KeywordMain.groovy:36)
	at com.kms.katalon.core.keyword.internal.KeywordMain.stepFailed(KeywordMain.groovy)
	at com.kms.katalon.core.keyword.internal.KeywordMain.runKeyword(KeywordMain.groovy:56)
	at com.kms.katalon.core.webservice.keyword.builtin.VerifyElementsCountKeyword.verifyElementsCount(VerifyElementsCountKeyword.groovy:45)
	at com.kms.katalon.core.webservice.keyword.builtin.VerifyElementsCountKeyword.execute(VerifyElementsCountKeyword.groovy:40)
	at com.kms.katalon.core.keyword.internal.KeywordExecutor.executeKeywordForPlatform(KeywordExecutor.groovy:53)
	at com.kms.katalon.core.webservice.keyword.WSBuiltInKeywords.verifyElementsCount(WSBuiltInKeywords.groovy:94)
	at com.kms.katalon.core.webservice.keyword.WSBuiltInKeywords$verifyElementsCount$3.call(Unknown Source)
	at ListUsersTest.run(ListUsersTest:24)
	at com.kms.katalon.core.main.ScriptEngine.run(ScriptEngine.java:194)
	at com.kms.katalon.core.main.ScriptEngine.runScriptAsRawText(ScriptEngine.java:119)
	at com.kms.katalon.core.main.TestCaseExecutor.runScript(TestCaseExecutor.java:328)
	at com.kms.katalon.core.main.TestCaseExecutor.doExecute(TestCaseExecutor.java:319)
	at com.kms.katalon.core.main.TestCaseExecutor.processExecutionPhase(TestCaseExecutor.java:298)
	at com.kms.katalon.core.main.TestCaseExecutor.accessMainPhase(TestCaseExecutor.java:290)
	at com.kms.katalon.core.main.TestCaseExecutor.execute(TestCaseExecutor.java:224)
	at com.kms.katalon.core.main.TestSuiteExecutor.accessTestCaseMainPhase(TestSuiteExecutor.java:129)
	at com.kms.katalon.core.main.TestSuiteExecutor.accessTestSuiteMainPhase(TestSuiteExecutor.java:112)
	at com.kms.katalon.core.main.TestSuiteExecutor.execute(TestSuiteExecutor.java:81)
	at com.kms.katalon.core.main.TestCaseMain.startTestSuite(TestCaseMain.java:149)
	at com.kms.katalon.core.main.TestCaseMain$startTestSuite$0.call(Unknown Source)
	at TempTestSuite1549366779763.run(TempTestSuite1549366779763.groovy:36)]]></system-err>
   </testsuite>
</testsuites>
